# JRE version: Java(TM) SE Runtime Environment (21.0.9+7) (build 21.0.9+7-LTS-338)
# Java VM: Java HotSpot(TM) 64-Bit Server VM (21.0.9+7-LTS-338, mixed mode, sharing, tiered, compressed oops, compressed class ptrs, g1 gc, windows-amd64)
GC Precious Log:
 CardTable entry size: 512
 Card Set container configuration: InlinePtr #cards 5 size 8 Array Of Cards #cards 12 size 40 Howl #buckets 4 coarsen threshold 1843 Howl Bitmap #cards 512 size 80 coarsen threshold 460 Card regions per heap region 1 cards per card region 2048
 CPUs: 4 total, 4 available
 Memory: 4017M
 Large Page Support: Disabled
 NUMA Support: Disabled
 Compressed Oops: Enabled (32-bit)
 Heap Region Size: 1M
 Heap Min Capacity: 8M
 Heap Initial Capacity: 64M
 Heap Max Capacity: 1006M
 Pre-touch: Disabled
 Parallel Workers: 4
 Concurrent Workers: 1
 Concurrent Refinement Workers: 4
 Periodic GC: Disabled
Heap:
 garbage-first heap   total 55296K, used 44600K [0x00000000c1200000, 0x0000000100000000)
  region size 1024K, 36 young (36864K), 4 survivors (4096K)
 Metaspace       used 24612K, committed 25024K, reserved 1114112K
  class space    used 3564K, committed 3776K, reserved 1048576K
GC Heap History (8 events):
Event: 6.604 GC heap before
{Heap before GC invocations=0 (full 0):
 garbage-first heap   total 65536K, used 12288K [0x00000000c1200000, 0x0000000100000000)
  region size 1024K, 13 young (13312K), 0 survivors (0K)
 Metaspace       used 2412K, committed 2624K, reserved 1114112K
  class space    used 243K, committed 320K, reserved 1048576K
}
Event: 6.625 GC heap after
{Heap after GC invocations=1 (full 0):
 garbage-first heap   total 65536K, used 2240K [0x00000000c1200000, 0x0000000100000000)
  region size 1024K, 2 young (2048K), 2 survivors (2048K)
 Metaspace       used 2412K, committed 2624K, reserved 1114112K
  class space    used 243K, committed 320K, reserved 1048576K
}
Event: 21.870 GC heap before
{Heap before GC invocations=1 (full 0):
 garbage-first heap   total 65536K, used 20672K [0x00000000c1200000, 0x0000000100000000)
  region size 1024K, 21 young (21504K), 2 survivors (2048K)
 Metaspace       used 11112K, committed 11456K, reserved 1114112K
  class space    used 1252K, committed 1408K, reserved 1048576K
}
Event: 21.895 GC heap after
{Heap after GC invocations=2 (full 0):
 garbage-first heap   total 65536K, used 5682K [0x00000000c1200000, 0x0000000100000000)
  region size 1024K, 3 young (3072K), 3 survivors (3072K)
 Metaspace       used 11112K, committed 11456K, reserved 1114112K
  class space    used 1252K, committed 1408K, reserved 1048576K
}
Event: 24.463 GC heap before
{Heap before GC invocations=2 (full 0):
 garbage-first heap   total 65536K, used 27186K [0x00000000c1200000, 0x0000000100000000)
  region size 1024K, 25 young (25600K), 3 survivors (3072K)
 Metaspace       used 15126K, committed 15424K, reserved 1114112K
  class space    used 1951K, committed 2112K, reserved 1048576K
}
Event: 24.492 GC heap after
{Heap after GC invocations=3 (full 0):
 garbage-first heap   total 65536K, used 8430K [0x00000000c1200000, 0x0000000100000000)
  region size 1024K, 3 young (3072K), 3 survivors (3072K)
 Metaspace       used 15126K, committed 15424K, reserved 1114112K
  class space    used 1951K, committed 2112K, reserved 1048576K
}
Event: 438.407 GC heap before
{Heap before GC invocations=3 (full 0):
 garbage-first heap   total 65536K, used 40174K [0x00000000c1200000, 0x0000000100000000)
  region size 1024K, 34 young (34816K), 3 survivors (3072K)
 Metaspace       used 21121K, committed 21504K, reserved 1114112K
  class space    used 2951K, committed 3136K, reserved 1048576K
}
Event: 438.538 GC heap after
{Heap after GC invocations=4 (full 0):
 garbage-first heap   total 65536K, used 13880K [0x00000000c1200000, 0x0000000100000000)
  region size 1024K, 4 young (4096K), 4 survivors (4096K)
 Metaspace       used 21121K, committed 21504K, reserved 1114112K
  class space    used 2951K, committed 3136K, reserved 1048576K
}

